The system is: Linux - 5.10.92-v7l+ - armv7l
Compiling the CXX compiler identification source file "CMakeCXXCompilerId.cpp" succeeded.
Compiler: /usr/bin/clang++-11 
Build flags: 
Id flags:  

The output was:
0


Compilation of the CXX compiler identification source "CMakeCXXCompilerId.cpp" produced "a.out"

The CXX compiler identification is Clang, found in "/home/pi/dachuang/QtDemo/build-QtMavlinkDemo-unknown-Debug/CMakeFiles/3.18.4/CompilerIdCXX/a.out"

Detecting CXX compiler ABI info compiled with the following output:
Change Dir: /home/pi/dachuang/QtDemo/build-QtMavlinkDemo-unknown-Debug/CMakeFiles/CMakeTmp

Run Build Command(s):/usr/bin/gmake cmTC_57972/fast && /usr/bin/gmake  -f CMakeFiles/cmTC_57972.dir/build.make CMakeFiles/cmTC_57972.dir/build
gmake[1]: Entering directory '/home/pi/dachuang/QtDemo/build-QtMavlinkDemo-unknown-Debug/CMakeFiles/CMakeTmp'
Building CXX object CMakeFiles/cmTC_57972.dir/CMakeCXXCompilerABI.cpp.o
/usr/bin/clang++-11   -v -o CMakeFiles/cmTC_57972.dir/CMakeCXXCompilerABI.cpp.o -c /usr/share/cmake-3.18/Modules/CMakeCXXCompilerABI.cpp
Raspbian clang version 11.0.1-2+rpi1
Target: armv6k-unknown-linux-gnueabihf
Thread model: posix
InstalledDir: /usr/bin
Found candidate GCC installation: /usr/bin/../lib/gcc/arm-linux-gnueabihf/10
Found candidate GCC installation: /usr/bin/../lib/gcc/arm-linux-gnueabihf/7
Found candidate GCC installation: /usr/bin/../lib/gcc/arm-linux-gnueabihf/7.5.0
Found candidate GCC installation: /usr/bin/../lib/gcc/arm-linux-gnueabihf/8
Found candidate GCC installation: /usr/lib/gcc/arm-linux-gnueabihf/10
Found candidate GCC installation: /usr/lib/gcc/arm-linux-gnueabihf/7
Found candidate GCC installation: /usr/lib/gcc/arm-linux-gnueabihf/7.5.0
Found candidate GCC installation: /usr/lib/gcc/arm-linux-gnueabihf/8
Selected GCC installation: /usr/bin/../lib/gcc/arm-linux-gnueabihf/10
Candidate multilib: .;@m32
Selected multilib: .;@m32
 (in-process)
 "/usr/lib/llvm-11/bin/clang" -cc1 -triple armv6k-unknown-linux-gnueabihf -emit-obj -mrelax-all -disable-free -disable-llvm-verifier -discard-value-names -main-file-name CMakeCXXCompilerABI.cpp -mrelocation-model static -mframe-pointer=all -fmath-errno -fno-rounding-math -mconstructor-aliases -target-cpu mpcore -target-feature +strict-align -target-abi aapcs-linux -mfloat-abi hard -fallow-half-arguments-and-returns -fno-split-dwarf-inlining -debugger-tuning=gdb -v -resource-dir /usr/lib/llvm-11/lib/clang/11.0.1 -internal-isystem /usr/bin/../lib/gcc/arm-linux-gnueabihf/10/../../../../include/c++/10 -internal-isystem /usr/bin/../lib/gcc/arm-linux-gnueabihf/10/../../../../include/arm-linux-gnueabihf/c++/10 -internal-isystem /usr/bin/../lib/gcc/arm-linux-gnueabihf/10/../../../../include/arm-linux-gnueabihf/c++/10 -internal-isystem /usr/bin/../lib/gcc/arm-linux-gnueabihf/10/../../../../include/c++/10/backward -internal-isystem /usr/local/include -internal-isystem /usr/lib/llvm-11/lib/clang/11.0.1/include -internal-externc-isystem /usr/include/arm-linux-gnueabihf -internal-externc-isystem /include -internal-externc-isystem /usr/include -fdeprecated-macro -fdebug-compilation-dir /home/pi/dachuang/QtDemo/build-QtMavlinkDemo-unknown-Debug/CMakeFiles/CMakeTmp -ferror-limit 19 -fno-signed-char -fgnuc-version=4.2.1 -fcxx-exceptions -fexceptions -faddrsig -o CMakeFiles/cmTC_57972.dir/CMakeCXXCompilerABI.cpp.o -x c++ /usr/share/cmake-3.18/Modules/CMakeCXXCompilerABI.cpp
clang -cc1 version 11.0.1 based upon LLVM 11.0.1 default target armv6k-unknown-linux-gnueabihf
ignoring nonexistent directory "/include"
ignoring duplicate directory "/usr/bin/../lib/gcc/arm-linux-gnueabihf/10/../../../../include/arm-linux-gnueabihf/c++/10"
#include "..." search starts here:
#include <...> search starts here:
 /usr/bin/../lib/gcc/arm-linux-gnueabihf/10/../../../../include/c++/10
 /usr/bin/../lib/gcc/arm-linux-gnueabihf/10/../../../../include/arm-linux-gnueabihf/c++/10
 /usr/bin/../lib/gcc/arm-linux-gnueabihf/10/../../../../include/c++/10/backward
 /usr/local/include
 /usr/lib/llvm-11/lib/clang/11.0.1/include
 /usr/include/arm-linux-gnueabihf
 /usr/include
End of search list.
Linking CXX executable cmTC_57972
/usr/bin/cmake -E cmake_link_script CMakeFiles/cmTC_57972.dir/link.txt --verbose=1
/usr/bin/clang++-11  -v CMakeFiles/cmTC_57972.dir/CMakeCXXCompilerABI.cpp.o -o cmTC_57972 
Raspbian clang version 11.0.1-2+rpi1
Target: armv6k-unknown-linux-gnueabihf
Thread model: posix
InstalledDir: /usr/bin
Found candidate GCC installation: /usr/bin/../lib/gcc/arm-linux-gnueabihf/10
Found candidate GCC installation: /usr/bin/../lib/gcc/arm-linux-gnueabihf/7
Found candidate GCC installation: /usr/bin/../lib/gcc/arm-linux-gnueabihf/7.5.0
Found candidate GCC installation: /usr/bin/../lib/gcc/arm-linux-gnueabihf/8
Found candidate GCC installation: /usr/lib/gcc/arm-linux-gnueabihf/10
Found candidate GCC installation: /usr/lib/gcc/arm-linux-gnueabihf/7
Found candidate GCC installation: /usr/lib/gcc/arm-linux-gnueabihf/7.5.0
Found candidate GCC installation: /usr/lib/gcc/arm-linux-gnueabihf/8
Selected GCC installation: /usr/bin/../lib/gcc/arm-linux-gnueabihf/10
Candidate multilib: .;@m32
Selected multilib: .;@m32
 "/usr/bin/ld" -EL -X --hash-style=both --build-id --eh-frame-hdr -m armelf_linux_eabi -dynamic-linker /lib/ld-linux-armhf.so.3 -o cmTC_57972 /usr/bin/../lib/gcc/arm-linux-gnueabihf/10/../../../arm-linux-gnueabihf/crt1.o /usr/bin/../lib/gcc/arm-linux-gnueabihf/10/../../../arm-linux-gnueabihf/crti.o /usr/bin/../lib/gcc/arm-linux-gnueabihf/10/crtbegin.o -L/usr/bin/../lib/gcc/arm-linux-gnueabihf/10 -L/usr/bin/../lib/gcc/arm-linux-gnueabihf/10/../../../arm-linux-gnueabihf -L/usr/bin/../lib/gcc/arm-linux-gnueabihf/10/../../../../lib -L/usr/lib/llvm-11/bin/../lib -L/lib/arm-linux-gnueabihf -L/lib/../lib -L/usr/lib/arm-linux-gnueabihf -L/usr/lib/../lib -L/usr/lib/arm-linux-gnueabihf/../../lib -L/usr/bin/../lib/gcc/arm-linux-gnueabihf/10/../../.. -L/usr/lib/llvm-11/bin/../lib -L/lib -L/usr/lib CMakeFiles/cmTC_57972.dir/CMakeCXXCompilerABI.cpp.o -lstdc++ -lm -lgcc_s -lgcc -lc -lgcc_s -lgcc /usr/bin/../lib/gcc/arm-linux-gnueabihf/10/crtend.o /usr/bin/../lib/gcc/arm-linux-gnueabihf/10/../../../arm-linux-gnueabihf/crtn.o
gmake[1]: Leaving directory '/home/pi/dachuang/QtDemo/build-QtMavlinkDemo-unknown-Debug/CMakeFiles/CMakeTmp'



Parsed CXX implicit include dir info from above output: rv=done
  found start of include info
  found start of implicit include info
    add: [/usr/bin/../lib/gcc/arm-linux-gnueabihf/10/../../../../include/c++/10]
    add: [/usr/bin/../lib/gcc/arm-linux-gnueabihf/10/../../../../include/arm-linux-gnueabihf/c++/10]
    add: [/usr/bin/../lib/gcc/arm-linux-gnueabihf/10/../../../../include/c++/10/backward]
    add: [/usr/local/include]
    add: [/usr/lib/llvm-11/lib/clang/11.0.1/include]
    add: [/usr/include/arm-linux-gnueabihf]
    add: [/usr/include]
  end of search list found
  collapse include dir [/usr/bin/../lib/gcc/arm-linux-gnueabihf/10/../../../../include/c++/10] ==> [/usr/include/c++/10]
  collapse include dir [/usr/bin/../lib/gcc/arm-linux-gnueabihf/10/../../../../include/arm-linux-gnueabihf/c++/10] ==> [/usr/include/arm-linux-gnueabihf/c++/10]
  collapse include dir [/usr/bin/../lib/gcc/arm-linux-gnueabihf/10/../../../../include/c++/10/backward] ==> [/usr/include/c++/10/backward]
  collapse include dir [/usr/local/include] ==> [/usr/local/include]
  collapse include dir [/usr/lib/llvm-11/lib/clang/11.0.1/include] ==> [/usr/lib/llvm-11/lib/clang/11.0.1/include]
  collapse include dir [/usr/include/arm-linux-gnueabihf] ==> [/usr/include/arm-linux-gnueabihf]
  collapse include dir [/usr/include] ==> [/usr/include]
  implicit include dirs: [/usr/include/c++/10;/usr/include/arm-linux-gnueabihf/c++/10;/usr/include/c++/10/backward;/usr/local/include;/usr/lib/llvm-11/lib/clang/11.0.1/include;/usr/include/arm-linux-gnueabihf;/usr/include]


Parsed CXX implicit link information from above output:
  link line regex: [^( *|.*[/\])(ld|CMAKE_LINK_STARTFILE-NOTFOUND|([^/\]+-)?ld|collect2)[^/\]*( |$)]
  ignore line: [Change Dir: /home/pi/dachuang/QtDemo/build-QtMavlinkDemo-unknown-Debug/CMakeFiles/CMakeTmp]
  ignore line: []
  ignore line: [Run Build Command(s):/usr/bin/gmake cmTC_57972/fast && /usr/bin/gmake  -f CMakeFiles/cmTC_57972.dir/build.make CMakeFiles/cmTC_57972.dir/build]
  ignore line: [gmake[1]: Entering directory '/home/pi/dachuang/QtDemo/build-QtMavlinkDemo-unknown-Debug/CMakeFiles/CMakeTmp']
  ignore line: [Building CXX object CMakeFiles/cmTC_57972.dir/CMakeCXXCompilerABI.cpp.o]
  ignore line: [/usr/bin/clang++-11   -v -o CMakeFiles/cmTC_57972.dir/CMakeCXXCompilerABI.cpp.o -c /usr/share/cmake-3.18/Modules/CMakeCXXCompilerABI.cpp]
  ignore line: [Raspbian clang version 11.0.1-2+rpi1]
  ignore line: [Target: armv6k-unknown-linux-gnueabihf]
  ignore line: [Thread model: posix]
  ignore line: [InstalledDir: /usr/bin]
  ignore line: [Found candidate GCC installation: /usr/bin/../lib/gcc/arm-linux-gnueabihf/10]
  ignore line: [Found candidate GCC installation: /usr/bin/../lib/gcc/arm-linux-gnueabihf/7]
  ignore line: [Found candidate GCC installation: /usr/bin/../lib/gcc/arm-linux-gnueabihf/7.5.0]
  ignore line: [Found candidate GCC installation: /usr/bin/../lib/gcc/arm-linux-gnueabihf/8]
  ignore line: [Found candidate GCC installation: /usr/lib/gcc/arm-linux-gnueabihf/10]
  ignore line: [Found candidate GCC installation: /usr/lib/gcc/arm-linux-gnueabihf/7]
  ignore line: [Found candidate GCC installation: /usr/lib/gcc/arm-linux-gnueabihf/7.5.0]
  ignore line: [Found candidate GCC installation: /usr/lib/gcc/arm-linux-gnueabihf/8]
  ignore line: [Selected GCC installation: /usr/bin/../lib/gcc/arm-linux-gnueabihf/10]
  ignore line: [Candidate multilib: .]
  ignore line: [@m32]
  ignore line: [Selected multilib: .]
  ignore line: [@m32]
  ignore line: [ (in-process)]
  ignore line: [ "/usr/lib/llvm-11/bin/clang" -cc1 -triple armv6k-unknown-linux-gnueabihf -emit-obj -mrelax-all -disable-free -disable-llvm-verifier -discard-value-names -main-file-name CMakeCXXCompilerABI.cpp -mrelocation-model static -mframe-pointer=all -fmath-errno -fno-rounding-math -mconstructor-aliases -target-cpu mpcore -target-feature +strict-align -target-abi aapcs-linux -mfloat-abi hard -fallow-half-arguments-and-returns -fno-split-dwarf-inlining -debugger-tuning=gdb -v -resource-dir /usr/lib/llvm-11/lib/clang/11.0.1 -internal-isystem /usr/bin/../lib/gcc/arm-linux-gnueabihf/10/../../../../include/c++/10 -internal-isystem /usr/bin/../lib/gcc/arm-linux-gnueabihf/10/../../../../include/arm-linux-gnueabihf/c++/10 -internal-isystem /usr/bin/../lib/gcc/arm-linux-gnueabihf/10/../../../../include/arm-linux-gnueabihf/c++/10 -internal-isystem /usr/bin/../lib/gcc/arm-linux-gnueabihf/10/../../../../include/c++/10/backward -internal-isystem /usr/local/include -internal-isystem /usr/lib/llvm-11/lib/clang/11.0.1/include -internal-externc-isystem /usr/include/arm-linux-gnueabihf -internal-externc-isystem /include -internal-externc-isystem /usr/include -fdeprecated-macro -fdebug-compilation-dir /home/pi/dachuang/QtDemo/build-QtMavlinkDemo-unknown-Debug/CMakeFiles/CMakeTmp -ferror-limit 19 -fno-signed-char -fgnuc-version=4.2.1 -fcxx-exceptions -fexceptions -faddrsig -o CMakeFiles/cmTC_57972.dir/CMakeCXXCompilerABI.cpp.o -x c++ /usr/share/cmake-3.18/Modules/CMakeCXXCompilerABI.cpp]
  ignore line: [clang -cc1 version 11.0.1 based upon LLVM 11.0.1 default target armv6k-unknown-linux-gnueabihf]
  ignore line: [ignoring nonexistent directory "/include"]
  ignore line: [ignoring duplicate directory "/usr/bin/../lib/gcc/arm-linux-gnueabihf/10/../../../../include/arm-linux-gnueabihf/c++/10"]
  ignore line: [#include "..." search starts here:]
  ignore line: [#include <...> search starts here:]
  ignore line: [ /usr/bin/../lib/gcc/arm-linux-gnueabihf/10/../../../../include/c++/10]
  ignore line: [ /usr/bin/../lib/gcc/arm-linux-gnueabihf/10/../../../../include/arm-linux-gnueabihf/c++/10]
  ignore line: [ /usr/bin/../lib/gcc/arm-linux-gnueabihf/10/../../../../include/c++/10/backward]
  ignore line: [ /usr/local/include]
  ignore line: [ /usr/lib/llvm-11/lib/clang/11.0.1/include]
  ignore line: [ /usr/include/arm-linux-gnueabihf]
  ignore line: [ /usr/include]
  ignore line: [End of search list.]
  ignore line: [Linking CXX executable cmTC_57972]
  ignore line: [/usr/bin/cmake -E cmake_link_script CMakeFiles/cmTC_57972.dir/link.txt --verbose=1]
  ignore line: [/usr/bin/clang++-11  -v CMakeFiles/cmTC_57972.dir/CMakeCXXCompilerABI.cpp.o -o cmTC_57972 ]
  ignore line: [Raspbian clang version 11.0.1-2+rpi1]
  ignore line: [Target: armv6k-unknown-linux-gnueabihf]
  ignore line: [Thread model: posix]
  ignore line: [InstalledDir: /usr/bin]
  ignore line: [Found candidate GCC installation: /usr/bin/../lib/gcc/arm-linux-gnueabihf/10]
  ignore line: [Found candidate GCC installation: /usr/bin/../lib/gcc/arm-linux-gnueabihf/7]
  ignore line: [Found candidate GCC installation: /usr/bin/../lib/gcc/arm-linux-gnueabihf/7.5.0]
  ignore line: [Found candidate GCC installation: /usr/bin/../lib/gcc/arm-linux-gnueabihf/8]
  ignore line: [Found candidate GCC installation: /usr/lib/gcc/arm-linux-gnueabihf/10]
  ignore line: [Found candidate GCC installation: /usr/lib/gcc/arm-linux-gnueabihf/7]
  ignore line: [Found candidate GCC installation: /usr/lib/gcc/arm-linux-gnueabihf/7.5.0]
  ignore line: [Found candidate GCC installation: /usr/lib/gcc/arm-linux-gnueabihf/8]
  ignore line: [Selected GCC installation: /usr/bin/../lib/gcc/arm-linux-gnueabihf/10]
  ignore line: [Candidate multilib: .]
  ignore line: [@m32]
  ignore line: [Selected multilib: .]
  ignore line: [@m32]
  link line: [ "/usr/bin/ld" -EL -X --hash-style=both --build-id --eh-frame-hdr -m armelf_linux_eabi -dynamic-linker /lib/ld-linux-armhf.so.3 -o cmTC_57972 /usr/bin/../lib/gcc/arm-linux-gnueabihf/10/../../../arm-linux-gnueabihf/crt1.o /usr/bin/../lib/gcc/arm-linux-gnueabihf/10/../../../arm-linux-gnueabihf/crti.o /usr/bin/../lib/gcc/arm-linux-gnueabihf/10/crtbegin.o -L/usr/bin/../lib/gcc/arm-linux-gnueabihf/10 -L/usr/bin/../lib/gcc/arm-linux-gnueabihf/10/../../../arm-linux-gnueabihf -L/usr/bin/../lib/gcc/arm-linux-gnueabihf/10/../../../../lib -L/usr/lib/llvm-11/bin/../lib -L/lib/arm-linux-gnueabihf -L/lib/../lib -L/usr/lib/arm-linux-gnueabihf -L/usr/lib/../lib -L/usr/lib/arm-linux-gnueabihf/../../lib -L/usr/bin/../lib/gcc/arm-linux-gnueabihf/10/../../.. -L/usr/lib/llvm-11/bin/../lib -L/lib -L/usr/lib CMakeFiles/cmTC_57972.dir/CMakeCXXCompilerABI.cpp.o -lstdc++ -lm -lgcc_s -lgcc -lc -lgcc_s -lgcc /usr/bin/../lib/gcc/arm-linux-gnueabihf/10/crtend.o /usr/bin/../lib/gcc/arm-linux-gnueabihf/10/../../../arm-linux-gnueabihf/crtn.o]
    arg [/usr/bin/ld] ==> ignore
    arg [-EL] ==> ignore
    arg [-X] ==> ignore
    arg [--hash-style=both] ==> ignore
    arg [--build-id] ==> ignore
    arg [--eh-frame-hdr] ==> ignore
    arg [-m] ==> ignore
    arg [armelf_linux_eabi] ==> ignore
    arg [-dynamic-linker] ==> ignore
    arg [/lib/ld-linux-armhf.so.3] ==> ignore
    arg [-o] ==> ignore
    arg [cmTC_57972] ==> ignore
    arg [/usr/bin/../lib/gcc/arm-linux-gnueabihf/10/../../../arm-linux-gnueabihf/crt1.o] ==> ignore
    arg [/usr/bin/../lib/gcc/arm-linux-gnueabihf/10/../../../arm-linux-gnueabihf/crti.o] ==> ignore
    arg [/usr/bin/../lib/gcc/arm-linux-gnueabihf/10/crtbegin.o] ==> ignore
    arg [-L/usr/bin/../lib/gcc/arm-linux-gnueabihf/10] ==> dir [/usr/bin/../lib/gcc/arm-linux-gnueabihf/10]
    arg [-L/usr/bin/../lib/gcc/arm-linux-gnueabihf/10/../../../arm-linux-gnueabihf] ==> dir [/usr/bin/../lib/gcc/arm-linux-gnueabihf/10/../../../arm-linux-gnueabihf]
    arg [-L/usr/bin/../lib/gcc/arm-linux-gnueabihf/10/../../../../lib] ==> dir [/usr/bin/../lib/gcc/arm-linux-gnueabihf/10/../../../../lib]
    arg [-L/usr/lib/llvm-11/bin/../lib] ==> dir [/usr/lib/llvm-11/bin/../lib]
    arg [-L/lib/arm-linux-gnueabihf] ==> dir [/lib/arm-linux-gnueabihf]
    arg [-L/lib/../lib] ==> dir [/lib/../lib]
    arg [-L/usr/lib/arm-linux-gnueabihf] ==> dir [/usr/lib/arm-linux-gnueabihf]
    arg [-L/usr/lib/../lib] ==> dir [/usr/lib/../lib]
    arg [-L/usr/lib/arm-linux-gnueabihf/../../lib] ==> dir [/usr/lib/arm-linux-gnueabihf/../../lib]
    arg [-L/usr/bin/../lib/gcc/arm-linux-gnueabihf/10/../../..] ==> dir [/usr/bin/../lib/gcc/arm-linux-gnueabihf/10/../../..]
    arg [-L/usr/lib/llvm-11/bin/../lib] ==> dir [/usr/lib/llvm-11/bin/../lib]
    arg [-L/lib] ==> dir [/lib]
    arg [-L/usr/lib] ==> dir [/usr/lib]
    arg [CMakeFiles/cmTC_57972.dir/CMakeCXXCompilerABI.cpp.o] ==> ignore
    arg [-lstdc++] ==> lib [stdc++]
    arg [-lm] ==> lib [m]
    arg [-lgcc_s] ==> lib [gcc_s]
    arg [-lgcc] ==> lib [gcc]
    arg [-lc] ==> lib [c]
    arg [-lgcc_s] ==> lib [gcc_s]
    arg [-lgcc] ==> lib [gcc]
    arg [/usr/bin/../lib/gcc/arm-linux-gnueabihf/10/crtend.o] ==> ignore
    arg [/usr/bin/../lib/gcc/arm-linux-gnueabihf/10/../../../arm-linux-gnueabihf/crtn.o] ==> ignore
  collapse library dir [/usr/bin/../lib/gcc/arm-linux-gnueabihf/10] ==> [/usr/lib/gcc/arm-linux-gnueabihf/10]
  collapse library dir [/usr/bin/../lib/gcc/arm-linux-gnueabihf/10/../../../arm-linux-gnueabihf] ==> [/usr/lib/arm-linux-gnueabihf]
  collapse library dir [/usr/bin/../lib/gcc/arm-linux-gnueabihf/10/../../../../lib] ==> [/usr/lib]
  collapse library dir [/usr/lib/llvm-11/bin/../lib] ==> [/usr/lib/llvm-11/lib]
  collapse library dir [/lib/arm-linux-gnueabihf] ==> [/lib/arm-linux-gnueabihf]
  collapse library dir [/lib/../lib] ==> [/lib]
  collapse library dir [/usr/lib/arm-linux-gnueabihf] ==> [/usr/lib/arm-linux-gnueabihf]
  collapse library dir [/usr/lib/../lib] ==> [/usr/lib]
  collapse library dir [/usr/lib/arm-linux-gnueabihf/../../lib] ==> [/usr/lib]
  collapse library dir [/usr/bin/../lib/gcc/arm-linux-gnueabihf/10/../../..] ==> [/usr/lib]
  collapse library dir [/usr/lib/llvm-11/bin/../lib] ==> [/usr/lib/llvm-11/lib]
  collapse library dir [/lib] ==> [/lib]
  collapse library dir [/usr/lib] ==> [/usr/lib]
  implicit libs: [stdc++;m;gcc_s;gcc;c;gcc_s;gcc]
  implicit dirs: [/usr/lib/gcc/arm-linux-gnueabihf/10;/usr/lib/arm-linux-gnueabihf;/usr/lib;/usr/lib/llvm-11/lib;/lib/arm-linux-gnueabihf;/lib]
  implicit fwks: []


